<?xml version="1.0" encoding="UTF-8"?>
<!-- Generated by org.testng.reporters.JUnitXMLReporter -->
<testsuite ignored="2" hostname="ACAB-L-DCSQZ33" failures="0" tests="0" time="0.008" errors="0" timestamp="2024-10-24T04:03:23 IST">
  <testcase classname="gayashanhub.Tests.ErrorValidationTest" name="productPageValidation" time="0.0">
    <ignored/>
  </testcase> <!-- productPageValidation -->
  <testcase classname="gayashanhub.Tests.ErrorValidationTest" name="errorPageVlidation" time="0.0">
    <ignored/>
  </testcase> <!-- errorPageVlidation -->
</testsuite>
